This is pdfTeX, Version 3.141592653-2.6-1.40.23 (TeX Live 2021/W32TeX) (preloaded format=pdflatex 2021.8.11)  11 AUG 2021 02:49
entering extended mode
 restricted \write18 enabled.
 file:line:error style messages enabled.
 %&-line parsing enabled.
**"d:/Repositorios/Formulación de proyecto/Formato Memoria/memoria"
(d:/Repositorios/Formulación de proyecto/Formato Memoria/memoria.tex
LaTeX2e <2021-06-01> patch level 1
L3 programming layer <2021-07-12> (./iccmemoria.cls
Document Class: iccmemoria 2005/01/19 v1 Estilo Memoria de Titulo - ICC - UTalca (fmeza, jperez)
(c:/Program Files (x86)/texlive/2021/texmf-dist/tex/latex/base/report.cls
Document Class: report 2021/02/12 v1.4n Standard LaTeX document class
(c:/Program Files (x86)/texlive/2021/texmf-dist/tex/latex/base/fleqn.clo
File: fleqn.clo 2016/12/29 v1.2b Standard LaTeX option (flush left equations)
\mathindent=\skip47
Applying: [2015/01/01] Make \[ robust on input line 50.
LaTeX Info: Redefining \[ on input line 51.
Already applied: [0000/00/00] Make \[ robust on input line 62.
Applying: [2015/01/01] Make \] robust on input line 74.
LaTeX Info: Redefining \] on input line 75.
Already applied: [0000/00/00] Make \] robust on input line 83.
) (c:/Program Files (x86)/texlive/2021/texmf-dist/tex/latex/base/size12.clo
File: size12.clo 2021/02/12 v1.4n Standard LaTeX file (size option)
)
\c@part=\count182
\c@chapter=\count183
\c@section=\count184
\c@subsection=\count185
\c@subsubsection=\count186
\c@paragraph=\count187
\c@subparagraph=\count188
\c@figure=\count189
\c@table=\count190
\abovecaptionskip=\skip48
\belowcaptionskip=\skip49
\bibindent=\dimen138
) (c:/Program Files (x86)/texlive/2021/texmf-dist/tex/latex/base/inputenc.sty
Package: inputenc 2021/02/14 v1.3d Input encoding file
\inpenc@prehook=\toks16
\inpenc@posthook=\toks17
) (c:/Program Files (x86)/texlive/2021/texmf-dist/tex/generic/babel/babel.sty
Package: babel 2021/07/22 3.63 The Babel package
 (c:/Program Files (x86)/texlive/2021/texmf-dist/tex/generic/babel/babel.def
File: babel.def 2021/07/22 3.63 Babel common definitions
\babel@savecnt=\count191
\U@D=\dimen139
\l@unhyphenated=\language87
 (c:/Program Files (x86)/texlive/2021/texmf-dist/tex/generic/babel/txtbabel.def)
\bbl@readstream=\read2
)
\bbl@dirlevel=\count192
 (c:/Program Files (x86)/texlive/2021/texmf-dist/tex/generic/babel-english/english.ldf
Language: english 2017/06/06 v3.3r English support from the babel system
Package babel Info: Hyphen rules for 'canadian' set to \l@english
(babel)             (\language0). Reported on input line 102.
Package babel Info: Hyphen rules for 'australian' set to \l@ukenglish
(babel)             (\language21). Reported on input line 105.
Package babel Info: Hyphen rules for 'newzealand' set to \l@ukenglish
(babel)             (\language21). Reported on input line 108.
) (c:/Program Files (x86)/texlive/2021/texmf-dist/tex/generic/babel-spanish/spanish.ldf
Language: spanish.ldf 2021/05/27 v5.0q Spanish support from the babel system
\es@quottoks=\toks18
\es@quotdepth=\count193
Package babel Info: Making " an active character on input line 570.
Package babel Info: Making . an active character on input line 675.
Package babel Info: Making < an active character on input line 722.
Package babel Info: Making > an active character on input line 722.
)) (c:/Program Files (x86)/texlive/2021/texmf-dist/tex/latex/graphics/graphicx.sty
Package: graphicx 2020/12/05 v1.2c Enhanced LaTeX Graphics (DPC,SPQR)
 (c:/Program Files (x86)/texlive/2021/texmf-dist/tex/latex/graphics/keyval.sty
Package: keyval 2014/10/28 v1.15 key=value parser (DPC)
\KV@toks@=\toks19
) (c:/Program Files (x86)/texlive/2021/texmf-dist/tex/latex/graphics/graphics.sty
Package: graphics 2021/03/04 v1.4d Standard LaTeX Graphics (DPC,SPQR)
 (c:/Program Files (x86)/texlive/2021/texmf-dist/tex/latex/graphics/trig.sty
Package: trig 2016/01/03 v1.10 sin cos tan (DPC)
) (c:/Program Files (x86)/texlive/2021/texmf-dist/tex/latex/graphics-cfg/graphics.cfg
File: graphics.cfg 2016/06/04 v1.11 sample graphics configuration
)
Package graphics Info: Driver file: pdftex.def on input line 107.
 (c:/Program Files (x86)/texlive/2021/texmf-dist/tex/latex/graphics-def/pdftex.def
File: pdftex.def 2020/10/05 v1.2a Graphics/color driver for pdftex
))
\Gin@req@height=\dimen140
\Gin@req@width=\dimen141
) (c:/Program Files (x86)/texlive/2021/texmf-dist/tex/latex/setspace/setspace.sty
Package: setspace 2011/12/19 v6.7a set line spacing
) (c:/Program Files (x86)/texlive/2021/texmf-dist/tex/latex/subfiles/subfiles.sty
Package: subfiles 2020/11/14 v2.2 Multi-file projects (package)
 (c:/Program Files (x86)/texlive/2021/texmf-dist/tex/latex/import/import.sty
Package: import 2020/04/01  v 6.2
)) (c:/Program Files (x86)/texlive/2021/texmf-dist/tex/latex/tasks/tasks.sty (c:/Program Files (x86)/texlive/2021/texmf-dist/tex/latex/l3kernel/expl3.sty
Package: expl3 2021-07-12 L3 programming layer (loader) 
 (c:/Program Files (x86)/texlive/2021/texmf-dist/tex/latex/l3backend/l3backend-pdftex.def
File: l3backend-pdftex.def 2021-08-04 L3 backend support: PDF output (pdfTeX)
\l__color_backend_stack_int=\count194
\l__pdf_internal_box=\box50
)) (c:/Program Files (x86)/texlive/2021/texmf-dist/tex/latex/l3packages/xparse/xparse.sty
Package: xparse 2021-08-04 L3 Experimental document command parser
) (c:/Program Files (x86)/texlive/2021/texmf-dist/tex/latex/l3packages/xtemplate/xtemplate.sty
Package: xtemplate 2021-08-04 L3 Experimental prototype document functions
\l__xtemplate_tmp_dim=\dimen142
\l__xtemplate_tmp_int=\count195
\l__xtemplate_tmp_muskip=\muskip16
\l__xtemplate_tmp_skip=\skip50
)
Package: tasks 2021/02/20 v1.3a lists with columns filled horizontally
\g__tasks_total_items_int=\count196
\l__tasks_columns_int=\count197
\g__tasks_rows_int=\count198
\g__tasks_current_col_num_int=\count199
\g__tasks_current_row_num_int=\count266
\l__tasks_item_columns_int=\count267
\g__tasks_env_int=\count268
\l__tasks_start_int=\count269
\l__tasks_item_indent_dim=\dimen143
\l__tasks_item_default_indent_dim=\dimen144
\l__tasks_item_width_dim=\dimen145
\l__tasks_label_width_dim=\dimen146
\l__tasks_label_default_width_dim=\dimen147
\l__tasks_label_offset_dim=\dimen148
\l__tasks_label_default_offset_dim=\dimen149
\l__tasks_column_sep_dim=\dimen150
\l__tasks_correction_dim=\dimen151
\l__tasks_full_width_dim=\dimen152
\l__tasks_after_item_skip=\skip51
\l__tasks_custom_after_item_skip=\skip52
\l__tasks_before_list_skip=\skip53
\l__tasks_after_list_skip=\skip54
\l__tasks_item_coffin=\box51
\l__tasks_label_coffin=\box52
\c@task=\count270
\l__tasks_tmpa_int=\count271
\l__tasks_tmpb_int=\count272
\l__tasks_tmpa_coffin=\box53
\l__tasks_tmpa_box=\box54

Package xtemplate Info: Declaring object type 'tasks' taking 3 argument(s) on
(xtemplate)             line 450.

 (c:/Program Files (x86)/texlive/2021/texmf-dist/tex/latex/tasks/tasks.cfg))
LaTeX Info: Redefining \. on input line 18.
LaTeX Info: Redefining \% on input line 18.
\realleftmargin=\dimen153
\realrightmargin=\dimen154
\realtopmargin=\dimen155
\realbottommargin=\dimen156
\realheadpos=\dimen157
) (c:/Program Files (x86)/texlive/2021/texmf-dist/tex/latex/enumitem/enumitem.sty
Package: enumitem 2019/06/20 v3.9 Customized lists
\labelindent=\skip55
\enit@outerparindent=\dimen158
\enit@toks=\toks20
\enit@inbox=\box55
\enit@count@id=\count273
\enitdp@description=\count274
) (c:/Program Files (x86)/texlive/2021/texmf-dist/tex/latex/graphics/color.sty
Package: color 2020/02/24 v1.2b Standard LaTeX Color (DPC)
 (c:/Program Files (x86)/texlive/2021/texmf-dist/tex/latex/graphics-cfg/color.cfg
File: color.cfg 2016/01/02 v1.6 sample color configuration
)
Package color Info: Driver file: pdftex.def on input line 149.
) (c:/Program Files (x86)/texlive/2021/texmf-dist/tex/latex/colortbl/colortbl.sty
Package: colortbl 2020/01/04 v1.0e Color table columns (DPC)
 (c:/Program Files (x86)/texlive/2021/texmf-dist/tex/latex/tools/array.sty
Package: array 2021/04/20 v2.5e Tabular extension package (FMi)
\col@sep=\dimen159
\ar@mcellbox=\box56
\extrarowheight=\dimen160
\NC@list=\toks21
\extratabsurround=\skip56
\backup@length=\skip57
\ar@cellbox=\box57
)
\everycr=\toks22
\minrowclearance=\skip58
) (c:/Program Files (x86)/texlive/2021/texmf-dist/tex/latex/tools/multicol.sty
Package: multicol 2019/12/09 v1.8y multicolumn formatting (FMi)
\c@tracingmulticols=\count275
\mult@box=\box58
\multicol@leftmargin=\dimen161
\c@unbalance=\count276
\c@collectmore=\count277
\doublecol@number=\count278
\multicoltolerance=\count279
\multicolpretolerance=\count280
\full@width=\dimen162
\page@free=\dimen163
\premulticols=\dimen164
\postmulticols=\dimen165
\multicolsep=\skip59
\multicolbaselineskip=\skip60
\partial@page=\box59
\last@line=\box60
\maxbalancingoverflow=\dimen166
\mult@rightbox=\box61
\mult@grightbox=\box62
\mult@gfirstbox=\box63
\mult@firstbox=\box64
\@tempa=\box65
\@tempa=\box66
\@tempa=\box67
\@tempa=\box68
\@tempa=\box69
\@tempa=\box70
\@tempa=\box71
\@tempa=\box72
\@tempa=\box73
\@tempa=\box74
\@tempa=\box75
\@tempa=\box76
\@tempa=\box77
\@tempa=\box78
\@tempa=\box79
\@tempa=\box80
\@tempa=\box81
\@tempa=\box82
\@tempa=\box83
\@tempa=\box84
\@tempa=\box85
\@tempa=\box86
\@tempa=\box87
\@tempa=\box88
\@tempa=\box89
\@tempa=\box90
\@tempa=\box91
\@tempa=\box92
\@tempa=\box93
\@tempa=\box94
\@tempa=\box95
\@tempa=\box96
\@tempa=\box97
\@tempa=\box98
\@tempa=\box99
\@tempa=\box100
\@tempa=\box101
\c@minrows=\count281
\c@columnbadness=\count282
\c@finalcolumnbadness=\count283
\last@try=\dimen167
\multicolovershoot=\dimen168
\multicolundershoot=\dimen169
\mult@nat@firstbox=\box102
\colbreak@box=\box103
\mc@col@check@num=\count284
) (c:/Program Files (x86)/texlive/2021/texmf-dist/tex/latex/multirow/multirow.sty
Package: multirow 2021/03/15 v2.8 Span multiple rows of a table
\multirow@colwidth=\skip61
\multirow@cntb=\count285
\multirow@dima=\skip62
\bigstrutjot=\dimen170
) (c:/Program Files (x86)/texlive/2021/texmf-dist/tex/latex/booktabs/booktabs.sty
Package: booktabs 2020/01/12 v1.61803398 Publication quality tables
\heavyrulewidth=\dimen171
\lightrulewidth=\dimen172
\cmidrulewidth=\dimen173
\belowrulesep=\dimen174
\belowbottomsep=\dimen175
\aboverulesep=\dimen176
\abovetopsep=\dimen177
\cmidrulesep=\dimen178
\cmidrulekern=\dimen179
\defaultaddspace=\dimen180
\@cmidla=\count286
\@cmidlb=\count287
\@aboverulesep=\dimen181
\@belowrulesep=\dimen182
\@thisruleclass=\count288
\@lastruleclass=\count289
\@thisrulewidth=\dimen183
) (c:/Program Files (x86)/texlive/2021/texmf-dist/tex/latex/tools/tabularx.sty
Package: tabularx 2020/01/15 v2.11c `tabularx' package (DPC)
\TX@col@width=\dimen184
\TX@old@table=\dimen185
\TX@old@col=\dimen186
\TX@target=\dimen187
\TX@delta=\dimen188
\TX@cols=\count290
\TX@ftn=\toks23
) (c:/Program Files (x86)/texlive/2021/texmf-dist/tex/latex/caption/caption.sty
Package: caption 2020/10/26 v3.5g Customizing captions (AR)
 (c:/Program Files (x86)/texlive/2021/texmf-dist/tex/latex/caption/caption3.sty
Package: caption3 2020/10/21 v2.2e caption3 kernel (AR)
\captionmargin=\dimen189
\captionmargin@=\dimen190
\captionwidth=\dimen191
\caption@tempdima=\dimen192
\caption@indent=\dimen193
\caption@parindent=\dimen194
\caption@hangindent=\dimen195
Package caption Info: Standard document class detected.
)
\c@caption@flags=\count291
\c@continuedfloat=\count292
) (c:/Program Files (x86)/texlive/2021/texmf-dist/tex/latex/caption/subcaption.sty
Package: subcaption 2020/10/07 v1.3j Sub-captions (AR)
\c@subfigure=\count293
\c@subtable=\count294
) (./memoria.aux
LaTeX Info: Redefining \. on input line 9.
LaTeX Info: Redefining \% on input line 9.
LaTeX Info: Redefining \. on input line 10.
LaTeX Info: Redefining \% on input line 10.
 (./Anexo1/Anexo_A_Resolucion.aux) (./Anexo1/Anexo_A_Rendicion.aux) (./Anexo2/Anexo_B_Funcionalidad.aux) (./Anexo2/Anexo_B_Usabilidad.aux))
\openout1 = `memoria.aux'.

LaTeX Font Info:    Checking defaults for OML/cmm/m/it on input line 41.
LaTeX Font Info:    ... okay on input line 41.
LaTeX Font Info:    Checking defaults for OMS/cmsy/m/n on input line 41.
LaTeX Font Info:    ... okay on input line 41.
LaTeX Font Info:    Checking defaults for OT1/cmr/m/n on input line 41.
LaTeX Font Info:    ... okay on input line 41.
LaTeX Font Info:    Checking defaults for T1/cmr/m/n on input line 41.
LaTeX Font Info:    ... okay on input line 41.
LaTeX Font Info:    Checking defaults for TS1/cmr/m/n on input line 41.
LaTeX Font Info:    ... okay on input line 41.
LaTeX Font Info:    Checking defaults for OMX/cmex/m/n on input line 41.
LaTeX Font Info:    ... okay on input line 41.
LaTeX Font Info:    Checking defaults for U/cmr/m/n on input line 41.
LaTeX Font Info:    ... okay on input line 41.
LaTeX Info: Redefining \. on input line 41.
LaTeX Info: Redefining \% on input line 41.
 (c:/Program Files (x86)/texlive/2021/texmf-dist/tex/context/base/mkii/supp-pdf.mkii
[Loading MPS to PDF converter (version 2006.09.02).]
\scratchcounter=\count295
\scratchdimen=\dimen196
\scratchbox=\box104
\nofMPsegments=\count296
\nofMParguments=\count297
\everyMPshowfont=\toks24
\MPscratchCnt=\count298
\MPscratchDim=\dimen197
\MPnumerator=\count299
\makeMPintoPDFobject=\count300
\everyMPtoPDFconversion=\toks25
) (c:/Program Files (x86)/texlive/2021/texmf-dist/tex/latex/epstopdf-pkg/epstopdf-base.sty
Package: epstopdf-base 2020-01-24 v2.11 Base part for package epstopdf
Package epstopdf-base Info: Redefining graphics rule for `.eps' on input line 485.
 (c:/Program Files (x86)/texlive/2021/texmf-dist/tex/latex/latexconfig/epstopdf-sys.cfg
File: epstopdf-sys.cfg 2010/07/13 v1.3 Configuration of (r)epstopdf for TeX Live
))
Package caption Info: Begin \AtBeginDocument code.
Package caption Info: End \AtBeginDocument code.
Package epstopdf Info: Source file: <utalca1.eps>
(epstopdf)                    date: 2019-01-02 18:17:38
(epstopdf)                    size: 24156 bytes
(epstopdf)             Output file: <utalca1-eps-converted-to.pdf>
(epstopdf)                    date: 2019-01-02 18:17:38
(epstopdf)                    size: 9257 bytes
(epstopdf)             Command: <repstopdf --outfile=utalca1-eps-converted-to.pdf utalca1.eps>
(epstopdf)             \includegraphics on input line 44.
Package epstopdf Info: Output file is already uptodate.
<utalca1-eps-converted-to.pdf, id=1, 107.40125pt x 135.50626pt>
File: utalca1-eps-converted-to.pdf Graphic file (type pdf)
<use utalca1-eps-converted-to.pdf>
Package pdftex.def Info: utalca1-eps-converted-to.pdf  used on input line 44.
(pdftex.def)             Requested size: 107.40097pt x 135.5059pt.
LaTeX Font Info:    External font `cmex10' loaded for size
(Font)              <17.28> on input line 44.
LaTeX Font Info:    External font `cmex10' loaded for size
(Font)              <12> on input line 44.

Underfull \hbox (badness 10000) in paragraph at lines 44--44

 []

LaTeX Font Info:    External font `cmex10' loaded for size
(Font)              <8> on input line 44.
LaTeX Font Info:    External font `cmex10' loaded for size
(Font)              <6> on input line 44.
[-1


Non-PDF special ignored!
<special> papersize=8.5in,11in
{c:/Program Files (x86)/texlive/2021/texmf-var/fonts/map/pdftex/updmap/pdftex.map} <./utalca1-eps-converted-to.pdf>]
Package epstopdf Info: Source file: <utalca1.eps>
(epstopdf)                    date: 2019-01-02 18:17:38
(epstopdf)                    size: 24156 bytes
(epstopdf)             Output file: <utalca1-eps-converted-to.pdf>
(epstopdf)                    date: 2019-01-02 18:17:38
(epstopdf)                    size: 9257 bytes
(epstopdf)             Command: <repstopdf --outfile=utalca1-eps-converted-to.pdf utalca1.eps>
(epstopdf)             \includegraphics on input line 44.
Package epstopdf Info: Output file is already uptodate.
File: utalca1-eps-converted-to.pdf Graphic file (type pdf)
<use utalca1-eps-converted-to.pdf>
Package pdftex.def Info: utalca1-eps-converted-to.pdf  used on input line 44.
(pdftex.def)             Requested size: 107.40097pt x 135.5059pt.

Underfull \hbox (badness 10000) in paragraph at lines 44--44

 []


Underfull \hbox (badness 10000) in paragraph at lines 44--44

 []

[0] [1] (./Agradecimientos.tex [2]) (./memoria.toc
LaTeX Info: Redefining \. on input line 1.
LaTeX Info: Redefining \% on input line 1.
LaTeX Info: Redefining \. on input line 2.
LaTeX Info: Redefining \% on input line 2.


LaTeX Font Warning: Font shape `OT1/cmr/bx/sc' undefined
(Font)              using `OT1/cmr/bx/n' instead on input line 3.


Package spanish Warning: Replacing `OT1/cmr/bx/sc' by 
(spanish)                faked small caps on input line 3.


Package spanish Warning: Replacing `OT1/cmr/bx/sc' by 
(spanish)                faked small caps on input line 4.


Package spanish Warning: Replacing `OT1/cmr/bx/sc' by 
(spanish)                faked small caps on input line 5.


Package spanish Warning: Replacing `OT1/cmr/bx/sc' by 
(spanish)                faked small caps on input line 6.


Package spanish Warning: Replacing `OT1/cmr/bx/sc' by 
(spanish)                faked small caps on input line 7.


Package spanish Warning: Replacing `OT1/cmr/bx/sc' by 
(spanish)                faked small caps on input line 8.

[3] [4])
\tf@toc=\write3
\openout3 = `memoria.toc'.

 [5] (./memoria.lof
LaTeX Info: Redefining \. on input line 1.
LaTeX Info: Redefining \% on input line 1.
LaTeX Info: Redefining \. on input line 2.
LaTeX Info: Redefining \% on input line 2.
 [6])
\tf@lof=\write4
\openout4 = `memoria.lof'.

 [7] (./memoria.lot
LaTeX Info: Redefining \. on input line 1.
LaTeX Info: Redefining \% on input line 1.
LaTeX Info: Redefining \. on input line 2.
LaTeX Info: Redefining \% on input line 2.
)
\tf@lot=\write5
\openout5 = `memoria.lot'.

 [8] (./Resumen.tex [9])
Cap\'{\i }tulo 1.

Underfull \hbox (badness 10000) detected at line 65
\OT1/cmr/bx/n/24.88 1.
 []

(./Capitulo1/1_Introduccion.tex) (./Capitulo1/1.1_Contexto.tex [10

]
LaTeX Info: Redefining \. on input line 31.
LaTeX Info: Redefining \% on input line 31.
 [11]) (./Capitulo1/1.2_Definicion_Problema.tex
LaTeX Info: Redefining \. on input line 2.
LaTeX Info: Redefining \% on input line 2.
 [12]
LaTeX Font Info:    External font `cmex10' loaded for size
(Font)              <7> on input line 5.
LaTeX Font Info:    External font `cmex10' loaded for size
(Font)              <5> on input line 5.
) (./Capitulo1/1.3_Presentacion_Solucion.tex
LaTeX Info: Redefining \. on input line 3.
LaTeX Info: Redefining \% on input line 3.
 [13]) (./Capitulo1/1.4_Objetivos.tex
LaTeX Info: Redefining \. on input line 19.
LaTeX Info: Redefining \% on input line 19.
 [14]) (./Capitulo1/1.5_Alcances.tex) (./Capitulo1/1.6_Limitaciones.tex) (./Capitulo1/1.7_Proyectos_Similares.tex
LaTeX Info: Redefining \. on input line 3.
LaTeX Info: Redefining \% on input line 3.
 [15]) (./Capitulo1/1.8_Descripcion_Contenidos.tex
LaTeX Info: Redefining \. on input line 10.
LaTeX Info: Redefining \% on input line 10.
 [16])
LaTeX Info: Redefining \. on input line 98.
LaTeX Info: Redefining \% on input line 98.
 [17]
Cap\'{\i }tulo 2.

Underfull \hbox (badness 10000) detected at line 98
\OT1/cmr/bx/n/24.88 2.
 []

(./Capitulo2/2_Introduccion.tex) (./Capitulo2/2.1.1_Conceptos.tex [18

]
LaTeX Info: Redefining \. on input line 74.
LaTeX Info: Redefining \% on input line 74.
 [19]) (./Capitulo2/2.2_Tecnologias_Utilizadas.tex
LaTeX Info: Redefining \. on input line 8.
LaTeX Info: Redefining \% on input line 8.
 [20]) (./Capitulo2/2.2.1_Framework.tex) (./Capitulo2/2.2.2_Bibliotecas.tex
LaTeX Info: Redefining \. on input line 3.
LaTeX Info: Redefining \% on input line 3.
 [21]) (./Capitulo2/2.3_Metodologia_desarrollo.tex
LaTeX Info: Redefining \. on input line 17.
LaTeX Info: Redefining \% on input line 17.
 [22]
<Imagenes/tradicional_vs_agil.png, id=93, 963.6pt x 542.025pt>
File: Imagenes/tradicional_vs_agil.png Graphic file (type png)
<use Imagenes/tradicional_vs_agil.png>
Package pdftex.def Info: Imagenes/tradicional_vs_agil.png  used on input line 19.
(pdftex.def)             Requested size: 429.3521pt x 241.51051pt.
) (./Capitulo2/2.4_Metodologia_Agil.tex
LaTeX Info: Redefining \. on input line 2.
LaTeX Info: Redefining \% on input line 2.
 [23 <./Imagenes/tradicional_vs_agil.png>]
LaTeX Info: Redefining \. on input line 17.
LaTeX Info: Redefining \% on input line 17.
 [24]) (./Capitulo2/2.4.1_Scrum.tex
LaTeX Info: Redefining \. on input line 3.
LaTeX Info: Redefining \% on input line 3.
 [25]) (./Capitulo2/2.4.2_Roles.tex
LaTeX Info: Redefining \. on input line 8.
LaTeX Info: Redefining \% on input line 8.
 [26]) (./Capitulo2/2.4.3_Aptitudes.tex)
LaTeX Info: Redefining \. on input line 131.
LaTeX Info: Redefining \% on input line 131.
 [27] (./Capitulo2/2.4.4_Artefactos.tex
LaTeX Info: Redefining \. on input line 25.
LaTeX Info: Redefining \% on input line 25.
 [28]) (./Capitulo2/2.4.5_Reuniones.tex
<Imagenes/Reuniones_Scrum.jpg, id=114, 663.47874pt x 256.96pt>
File: Imagenes/Reuniones_Scrum.jpg Graphic file (type jpg)
<use Imagenes/Reuniones_Scrum.jpg>
Package pdftex.def Info: Imagenes/Reuniones_Scrum.jpg  used on input line 4.
(pdftex.def)             Requested size: 429.3521pt x 166.28488pt.

Overfull \hbox (1.21579pt too wide) in paragraph at lines 10--11
[]\OT1/cmr/m/n/12 Los sprints tie-nen co-mo ob-je-ti-vo con-ver-tir el back-
 []

LaTeX Info: Redefining \. on input line 13.
LaTeX Info: Redefining \% on input line 13.
[29 <./Imagenes/Reuniones_Scrum.jpg>]
LaTeX Info: Redefining \. on input line 37.
LaTeX Info: Redefining \% on input line 37.
 [30]) (./Capitulo2/2.4.6_Ciclo_de_vida.tex
<Imagenes/Scrum.jpg, id=125, 641.39626pt x 411.33675pt>
File: Imagenes/Scrum.jpg Graphic file (type jpg)
<use Imagenes/Scrum.jpg>
Package pdftex.def Info: Imagenes/Scrum.jpg  used on input line 6.
(pdftex.def)             Requested size: 429.3521pt x 275.35568pt.


LaTeX Warning: `!h' float specifier changed to `!ht'.

) (./Capitulo2/2.4.7_Proyecto.tex
LaTeX Info: Redefining \. on input line 4.
LaTeX Info: Redefining \% on input line 4.
 [31]
<Imagenes/Proceso_Proyecto.png, id=129, 963.6pt x 542.025pt>
File: Imagenes/Proceso_Proyecto.png Graphic file (type png)
<use Imagenes/Proceso_Proyecto.png>
Package pdftex.def Info: Imagenes/Proceso_Proyecto.png  used on input line 7.
(pdftex.def)             Requested size: 472.28992pt x 265.66074pt.

Overfull \hbox (19.94144pt too wide) in paragraph at lines 6--8
[]  [] 
 []

) (./Capitulo2/2.4.8_Fases.tex
LaTeX Info: Redefining \. on input line 11.
LaTeX Info: Redefining \% on input line 11.
 [32 <./Imagenes/Scrum.jpg>]
LaTeX Info: Redefining \. on input line 17.
LaTeX Info: Redefining \% on input line 17.
 [33 <./Imagenes/Proceso_Proyecto.png>]) (./Capitulo2/2.4.9_Documentacion.tex) (./Capitulo2/2.5_Pruebas.tex
LaTeX Info: Redefining \. on input line 5.
LaTeX Info: Redefining \% on input line 5.
 [34]) (./Capitulo2/2.6_HerramientasPlanificacion.tex)
LaTeX Info: Redefining \. on input line 161.
LaTeX Info: Redefining \% on input line 161.
 [35]
Cap\'{\i }tulo 3.

Underfull \hbox (badness 10000) detected at line 161
\OT1/cmr/bx/n/24.88 3.
 []

(./Capitulo3/3_Introduccion.tex) (./Capitulo3/3.1_Entorno.tex) (./Capitulo3/3.1.1_Personas.tex) (./Capitulo3/3.1.2_Aplicacion.tex [36

]) (./Capitulo3/3.1.3_Herramientas.tex
<Imagenes/SprintBacklog.png, id=149, 654.0435pt x 514.92375pt>
File: Imagenes/SprintBacklog.png Graphic file (type png)
<use Imagenes/SprintBacklog.png>
Package pdftex.def Info: Imagenes/SprintBacklog.png  used on input line 6.
(pdftex.def)             Requested size: 429.3521pt x 338.02788pt.
LaTeX Info: Redefining \. on input line 8.
LaTeX Info: Redefining \% on input line 8.
 [37]
LaTeX Info: Redefining \. on input line 29.
LaTeX Info: Redefining \% on input line 29.
 [38 <./Imagenes/SprintBacklog.png>]
<Imagenes/Kanban.png, id=157, 648.62325pt x 344.487pt>
File: Imagenes/Kanban.png Graphic file (type png)
<use Imagenes/Kanban.png>
Package pdftex.def Info: Imagenes/Kanban.png  used on input line 37.
(pdftex.def)             Requested size: 429.3521pt x 228.04019pt.
LaTeX Info: Redefining \. on input line 46.
LaTeX Info: Redefining \% on input line 46.
 [39 <./Imagenes/Kanban.png>]) (./Capitulo3/3.2_Metodologia.tex) (./Capitulo3/3.2.1_Roles.tex
LaTeX Info: Redefining \. on input line 5.
LaTeX Info: Redefining \% on input line 5.
 [40]) (./Capitulo3/3.2.2_Proceso.tex) (./Capitulo3/3.2.2.1_Proyecto.tex
LaTeX Info: Redefining \. on input line 4.
LaTeX Info: Redefining \% on input line 4.
 [41]) (./Capitulo3/3.2.2.2_Iteracion.tex
LaTeX Info: Redefining \. on input line 7.
LaTeX Info: Redefining \% on input line 7.
 [42]
LaTeX Info: Redefining \. on input line 20.
LaTeX Info: Redefining \% on input line 20.
 [43]) (./Capitulo3/3.2.2.3_Reuniones.tex) (./Capitulo3/3.2.3_Trabajo.tex
LaTeX Info: Redefining \. on input line 4.
LaTeX Info: Redefining \% on input line 4.
 [44]
LaTeX Info: Redefining \. on input line 15.
LaTeX Info: Redefining \% on input line 15.
 [45])
LaTeX Info: Redefining \. on input line 198.
LaTeX Info: Redefining \% on input line 198.
 [46]
Cap\'{\i }tulo 4.

Underfull \hbox (badness 10000) detected at line 198
\OT1/cmr/bx/n/24.88 4.
 []

(./Capitulo4/4_Introduccion.tex) (./Capitulo4/4.1_AspectosGenerales.tex) (./Capitulo4/4.2_Modelos_Contexto_Solicitud.tex [47

]
<Imagenes/Solicitud_Federacion_Rendicion.png, id=189, 1035.11719pt x 1026.08344pt>
File: Imagenes/Solicitud_Federacion_Rendicion.png Graphic file (type png)
<use Imagenes/Solicitud_Federacion_Rendicion.png>
Package pdftex.def Info: Imagenes/Solicitud_Federacion_Rendicion.png  used on input line 5.
(pdftex.def)             Requested size: 472.28992pt x 468.16821pt.

Overfull \hbox (19.94144pt too wide) in paragraph at lines 4--6
[]  [] 
 []

LaTeX Info: Redefining \. on input line 20.
LaTeX Info: Redefining \% on input line 20.
[48]
<Imagenes/Solicitud_CCAA_Rendicion.png, id=193, 1142.76938pt x 953.81343pt>
File: Imagenes/Solicitud_CCAA_Rendicion.png Graphic file (type png)
<use Imagenes/Solicitud_CCAA_Rendicion.png>
Package pdftex.def Info: Imagenes/Solicitud_CCAA_Rendicion.png  used on input line 24.
(pdftex.def)             Requested size: 472.28992pt x 394.19514pt.

Overfull \hbox (19.94144pt too wide) in paragraph at lines 23--25
[]  [] 
 []

LaTeX Info: Redefining \. on input line 32.
LaTeX Info: Redefining \% on input line 32.
[49 <./Imagenes/Solicitud_Federacion_Rendicion.png>]
LaTeX Info: Redefining \. on input line 35.
LaTeX Info: Redefining \% on input line 35.
 [50 <./Imagenes/Solicitud_CCAA_Rendicion.png>]
LaTeX Info: Redefining \. on input line 70.
LaTeX Info: Redefining \% on input line 70.
 [51]
<Imagenes/Diagrama_de_estado.png, id=205, 963.6pt x 542.025pt>
File: Imagenes/Diagrama_de_estado.png Graphic file (type png)
<use Imagenes/Diagrama_de_estado.png>
Package pdftex.def Info: Imagenes/Diagrama_de_estado.png  used on input line 76.
(pdftex.def)             Requested size: 472.28992pt x 265.66074pt.

Overfull \hbox (19.94144pt too wide) in paragraph at lines 75--77
[]  [] 
 []

LaTeX Info: Redefining \. on input line 83.
LaTeX Info: Redefining \% on input line 83.
[52 <./Imagenes/Diagrama_de_estado.png>]
<Imagenes/Solicitud_CCAA_Reembolso.png, id=209, 967.36406pt x 919.18407pt>
File: Imagenes/Solicitud_CCAA_Reembolso.png Graphic file (type png)
<use Imagenes/Solicitud_CCAA_Reembolso.png>
Package pdftex.def Info: Imagenes/Solicitud_CCAA_Reembolso.png  used on input line 89.
(pdftex.def)             Requested size: 472.28992pt x 448.76314pt.

Overfull \hbox (19.94144pt too wide) in paragraph at lines 88--90
[]  [] 
 []

<Imagenes/Solicitud_Federacion_Reembolso.png, id=210, 1108.14pt x 1013.28563pt>
File: Imagenes/Solicitud_Federacion_Reembolso.png Graphic file (type png)
<use Imagenes/Solicitud_Federacion_Reembolso.png>
Package pdftex.def Info: Imagenes/Solicitud_Federacion_Reembolso.png  used on input line 95.
(pdftex.def)             Requested size: 472.28992pt x 431.85443pt.

Overfull \hbox (19.94144pt too wide) in paragraph at lines 94--96
[]  [] 
 []

) (./Capitulo4/4.3_CaracteristicasGenerales.tex
Overfull \hbox (16.94875pt too wide) in paragraph at lines 7--32
 [][] 
 []


Overfull \hbox (16.94875pt too wide) in paragraph at lines 38--66
 [][] 
 []

) (./Capitulo4/4.4_Errores.tex
LaTeX Info: Redefining \. on input line 5.
LaTeX Info: Redefining \% on input line 5.
 [53]
LaTeX Info: Redefining \. on input line 5.
LaTeX Info: Redefining \% on input line 5.
 [54]
LaTeX Info: Redefining \. on input line 5.
LaTeX Info: Redefining \% on input line 5.
 [55]
LaTeX Info: Redefining \. on input line 17.
LaTeX Info: Redefining \% on input line 17.
 [56 <./Imagenes/Solicitud_CCAA_Reembolso.png>]
LaTeX Info: Redefining \. on input line 19.
LaTeX Info: Redefining \% on input line 19.
 [57 <./Imagenes/Solicitud_Federacion_Reembolso.png>]
Overfull \hbox (16.94875pt too wide) in paragraph at lines 25--48
 [][] 
 []

) (./Capitulo4/4.5_Planificacion.tex)
LaTeX Info: Redefining \. on input line 220.
LaTeX Info: Redefining \% on input line 220.
 [58]
LaTeX Info: Redefining \. on input line 220.
LaTeX Info: Redefining \% on input line 220.
 [59]
Cap\'{\i }tulo 5.

Underfull \hbox (badness 10000) detected at line 220
\OT1/cmr/bx/n/24.88 5.
 []

(./Capitulo5/5_Introduccion.tex) (./Capitulo5/5.1_Mapa_navegacion.tex
<Imagenes/Mapa_de_navegacion.jpg, id=236, 963.6pt x 542.025pt>
File: Imagenes/Mapa_de_navegacion.jpg Graphic file (type jpg)
<use Imagenes/Mapa_de_navegacion.jpg>
Package pdftex.def Info: Imagenes/Mapa_de_navegacion.jpg  used on input line 5.
(pdftex.def)             Requested size: 472.28992pt x 265.66074pt.

Overfull \hbox (19.94144pt too wide) in paragraph at lines 4--6
[]  [] 
 []

[60

]) (./Capitulo5/5.2_Interfaces.tex
LaTeX Info: Redefining \. on input line 2.
LaTeX Info: Redefining \% on input line 2.
 [61 <./Imagenes/Mapa_de_navegacion.jpg>]
<Imagenes/Linea_de_disenio.png, id=243, 743.77875pt x 543.02875pt>
File: Imagenes/Linea_de_disenio.png Graphic file (type png)
<use Imagenes/Linea_de_disenio.png>
Package pdftex.def Info: Imagenes/Linea_de_disenio.png  used on input line 4.
(pdftex.def)             Requested size: 429.3521pt x 313.4737pt.
) (./Capitulo5/5.3_Arquitectura_Aplicacion.tex)
LaTeX Info: Redefining \. on input line 232.
LaTeX Info: Redefining \% on input line 232.
 [62 <./Imagenes/Linea_de_disenio.png>] (./Capitulo5/5.3.1_Arquitectura_fisica.tex
<Imagenes/Arquitectura_Fisica.png, id=248, 565.11125pt x 181.67876pt>
File: Imagenes/Arquitectura_Fisica.png Graphic file (type png)
<use Imagenes/Arquitectura_Fisica.png>
Package pdftex.def Info: Imagenes/Arquitectura_Fisica.png  used on input line 4.
(pdftex.def)             Requested size: 429.3521pt x 138.03569pt.
) (./Capitulo5/5.3.2_Arquitectura_logica.tex
<Imagenes/Arquitectura_logica.png, id=249, 584.1825pt x 673.51625pt>
File: Imagenes/Arquitectura_logica.png Graphic file (type png)
<use Imagenes/Arquitectura_logica.png>
Package pdftex.def Info: Imagenes/Arquitectura_logica.png  used on input line 3.
(pdftex.def)             Requested size: 343.48299pt x 396.02486pt.
LaTeX Info: Redefining \. on input line 10.
LaTeX Info: Redefining \% on input line 10.
 [63 <./Imagenes/Arquitectura_Fisica.png>]
LaTeX Info: Redefining \. on input line 26.
LaTeX Info: Redefining \% on input line 26.
 [64 <./Imagenes/Arquitectura_logica.png>]
LaTeX Info: Redefining \. on input line 36.
LaTeX Info: Redefining \% on input line 36.
 [65]) (./Capitulo5/5.4_Modelo_de_datos.tex
<Imagenes/Diagrama_general_clases.png, id=262, 1039.885pt x 806.01125pt>
File: Imagenes/Diagrama_general_clases.png Graphic file (type png)
<use Imagenes/Diagrama_general_clases.png>
Package pdftex.def Info: Imagenes/Diagrama_general_clases.png  used on input line 4.
(pdftex.def)             Requested size: 429.3521pt x 332.79121pt.
LaTeX Info: Redefining \. on input line 10.
LaTeX Info: Redefining \% on input line 10.
 [66 <./Imagenes/Diagrama_general_clases.png>]) (./Capitulo5/5.5_Modelo_relacional.tex
LaTeX Info: Redefining \. on input line 2.
LaTeX Info: Redefining \% on input line 2.
 [67]
<Imagenes/Modelo_relacional_bd.png, id=270, 1157.32375pt x 851.18pt>
File: Imagenes/Modelo_relacional_bd.png Graphic file (type png)
<use Imagenes/Modelo_relacional_bd.png>
Package pdftex.def Info: Imagenes/Modelo_relacional_bd.png  used on input line 4.
(pdftex.def)             Requested size: 429.3521pt x 315.77588pt.
)
LaTeX Info: Redefining \. on input line 247.
LaTeX Info: Redefining \% on input line 247.
 [68 <./Imagenes/Modelo_relacional_bd.png>]
Cap\'{\i }tulo 6.

Underfull \hbox (badness 10000) detected at line 247
\OT1/cmr/bx/n/24.88 6.
 []

(./Capitulo6/6_Introduccion.tex) (./Capitulo6/6.1_Herramientas_Utilizadas.tex [69

]) (./Capitulo6/6.2_Aplicacion_Obtenida.tex
<Imagenes/Login.PNG, id=278, 302.3295pt x 355.3275pt>
File: Imagenes/Login.PNG Graphic file (type png)
<use Imagenes/Login.PNG>
Package pdftex.def Info: Imagenes/Login.PNG  used on input line 7.
(pdftex.def)             Requested size: 128.80693pt x 151.38358pt.
LaTeX Info: Redefining \. on input line 12.
LaTeX Info: Redefining \% on input line 12.
 [70 <./Imagenes/Login.PNG>]
<Imagenes/RecuperarClave.PNG, id=283, 348.70274pt x 301.72725pt>
File: Imagenes/RecuperarClave.PNG Graphic file (type png)
<use Imagenes/RecuperarClave.PNG>
Package pdftex.def Info: Imagenes/RecuperarClave.PNG  used on input line 15.
(pdftex.def)             Requested size: 171.7382pt x 148.6073pt.
<Imagenes/Busqueda.PNG, id=284, 1156.32pt x 685.56125pt>
File: Imagenes/Busqueda.PNG Graphic file (type png)
<use Imagenes/Busqueda.PNG>
Package pdftex.def Info: Imagenes/Busqueda.PNG  used on input line 23.
(pdftex.def)             Requested size: 296.25398pt x 175.63698pt.


LaTeX Warning: `h' float specifier changed to `ht'.

<Imagenes/DatosPrincipales.PNG, id=285, 1047.915pt x 320.397pt>
File: Imagenes/DatosPrincipales.PNG Graphic file (type png)
<use Imagenes/DatosPrincipales.PNG>
Package pdftex.def Info: Imagenes/DatosPrincipales.PNG  used on input line 33.
(pdftex.def)             Requested size: 343.48299pt x 105.01755pt.

LaTeX Warning: `h' float specifier changed to `ht'.

LaTeX Info: Redefining \. on input line 38.
LaTeX Info: Redefining \% on input line 38.
[71 <./Imagenes/RecuperarClave.PNG>]
<Imagenes/Categoria.PNG, id=291, 696.80325pt x 341.47575pt>
File: Imagenes/Categoria.PNG Graphic file (type png)
<use Imagenes/Categoria.PNG>
Package pdftex.def Info: Imagenes/Categoria.PNG  used on input line 41.
(pdftex.def)             Requested size: 296.25398pt x 145.1852pt.


LaTeX Warning: `h' float specifier changed to `ht'.

<Imagenes/AgregarPersonas.PNG, id=292, 693.18974pt x 384.2355pt>
File: Imagenes/AgregarPersonas.PNG Graphic file (type png)
<use Imagenes/AgregarPersonas.PNG>
Package pdftex.def Info: Imagenes/AgregarPersonas.PNG  used on input line 49.
(pdftex.def)             Requested size: 343.48299pt x 190.3877pt.

LaTeX Warning: `h' float specifier changed to `ht'.

<Imagenes/Resumen.PNG, id=293, 693.792pt x 354.123pt>
File: Imagenes/Resumen.PNG Graphic file (type png)
<use Imagenes/Resumen.PNG>
Package pdftex.def Info: Imagenes/Resumen.PNG  used on input line 57.
(pdftex.def)             Requested size: 343.48299pt x 175.32114pt.

LaTeX Warning: `h' float specifier changed to `ht'.

LaTeX Info: Redefining \. on input line 62.
LaTeX Info: Redefining \% on input line 62.
[72 <./Imagenes/busqueda.png> <./Imagenes/DatosPrincipales.PNG>]
<Imagenes/Resolucion.PNG, id=298, 714.2685pt x 424.58624pt>
File: Imagenes/Resolucion.PNG Graphic file (type png)
<use Imagenes/Resolucion.PNG>
Package pdftex.def Info: Imagenes/Resolucion.PNG  used on input line 65.
(pdftex.def)             Requested size: 343.48299pt x 204.18132pt.


LaTeX Warning: `h' float specifier changed to `ht'.

LaTeX Info: Redefining \. on input line 70.
LaTeX Info: Redefining \% on input line 70.
[73 <./Imagenes/Categoria.PNG> <./Imagenes/AgregarPersonas.PNG>]
<Imagenes/Rendicion.png, id=304, 426.99525pt x 319.79475pt>
File: Imagenes/Rendicion.png Graphic file (type png)
<use Imagenes/Rendicion.png>
Package pdftex.def Info: Imagenes/Rendicion.png  used on input line 73.
(pdftex.def)             Requested size: 343.48299pt x 257.261pt.


LaTeX Warning: `h' float specifier changed to `ht'.

<Imagenes/AgregarBoletas.PNG, id=305, 1044.3015pt x 411.939pt>
File: Imagenes/AgregarBoletas.PNG Graphic file (type png)
<use Imagenes/AgregarBoletas.PNG>
Package pdftex.def Info: Imagenes/AgregarBoletas.PNG  used on input line 80.
(pdftex.def)             Requested size: 343.48299pt x 135.48772pt.

LaTeX Warning: `h' float specifier changed to `ht'.


Overfull \hbox (16.94832pt too wide) in paragraph at lines 92--109
 [][] 
 []

) (./Capitulo6/6.3_Pruebas.tex
LaTeX Info: Redefining \. on input line 2.
LaTeX Info: Redefining \% on input line 2.
 [74 <./Imagenes/Resumen.PNG>]
LaTeX Info: Redefining \. on input line 4.
LaTeX Info: Redefining \% on input line 4.
 [75 <./Imagenes/Resolucion.PNG>])
LaTeX Info: Redefining \. on input line 262.
LaTeX Info: Redefining \% on input line 262.
 [76 <./Imagenes/Rendicion.png>] (./Capitulo6/6.4_Resultados.tex
LaTeX Info: Redefining \. on input line 16.
LaTeX Info: Redefining \% on input line 16.
 [77 <./Imagenes/AgregarBoletas.PNG>])
LaTeX Info: Redefining \. on input line 266.
LaTeX Info: Redefining \% on input line 266.
 [78]
Cap\'{\i }tulo 7.

Underfull \hbox (badness 10000) detected at line 266
\OT1/cmr/bx/n/24.88 7.
 []

(./Capitulo7/7_Conclusion.tex [79

]) (./Glosario.tex
LaTeX Info: Redefining \. on input line 1.
LaTeX Info: Redefining \% on input line 1.
 [80] [81]) (./memoria.bbl
LaTeX Info: Redefining \. on input line 1.
LaTeX Info: Redefining \% on input line 1.
 [82]
Underfull \hbox (badness 10000) in paragraph at lines 4--8
[]\OT1/cmr/m/n/12 Albert Eins-tein and em-pi-ri-cal soft-wa-re en-gi-nee-ring.
 []


Overfull \hbox (8.59196pt too wide) in paragraph at lines 4--8
\OT1/cmr/m/n/12 https://pdfs.semanticscholar.org/589a/8858795db3919bb1ca05ab44640ce038b76e.pdf.
 []


Overfull \hbox (41.56987pt too wide) in paragraph at lines 20--23
[]\OT1/cmr/m/n/12 Controlar^^S^^Pa uni-ver-si-dad de tal-ca.  http://contraloria.utalca.cl/html/documentos.php?cat=26.
 []


Underfull \hbox (badness 3758) in paragraph at lines 40--47
[]\OT1/cmr/m/n/12 Instrucciones ge-ne-ra-les pa-ra la ren-di-ci^^Son de cuen-tas de los fon-dos asig-
 []


Underfull \hbox (badness 6300) in paragraph at lines 40--47
\OT1/cmr/m/n/12 na-dos a trav^^Ses del be-ne-fi-cio com-ple-men-ta-rio de be-ca doc-to-ra-do na-cio-
 []


Underfull \hbox (badness 2181) in paragraph at lines 40--47
\OT1/cmr/m/n/12 nal y pa-ra ex-tran-je-ros sin re-si-den-cia de-fi-ni-ti-va en chi-le: Asig-na-ci^^Son anual
 []


Underfull \hbox (badness 10000) in paragraph at lines 40--47
\OT1/cmr/m/n/12 pa-ra gas-tos ope-ra-cio-na-les del pro-yec-to de te-sis doc-to-ral eta-pas 2017.
 []


Underfull \hbox (badness 10000) in paragraph at lines 40--47
\OT1/cmr/m/n/12 http://www.conicyt.cl/becasconicyt/files/2017/02/manual[]rendicionGOp[]2017.pdf.
 []


Overfull \hbox (9.17104pt too wide) in paragraph at lines 49--53
[]\OT1/cmr/m/n/12 Instructivo or-ga-ni-za-cio-nes es-tu-dian-ti-les utal-ca.  http://vde.utalca.cl/docs/Instructivo[]-
 []

[83]
Overfull \hbox (7.3605pt too wide) in paragraph at lines 81--84
[]\OT1/cmr/m/n/12 Vicerrectoria de de-sa-rro-llo es-tu-dian-til.  http://vde.utalca.cl/html/organizaciones.html.
 []


Underfull \hbox (badness 10000) in paragraph at lines 91--95
[]\OT1/cmr/m/n/12 Wordreference.  https://forum.wordreference.com/threads/resoluci$ $%C3$ $%B3n-
 []

)
LaTeX Info: Redefining \. on input line 333.
LaTeX Info: Redefining \% on input line 333.
 [84] [85

]
Overfull \hbox (0.45876pt too wide) detected at line 336
\OT1/cmr/bx/n/24.88 A.
 []

\c@ni=\count301
(./Anexo1/Anexo_A_Solicitud.tex
Underfull \hbox (badness 2600) in paragraph at lines 22--22
[]\OT1/cmr/m/n/10 Ingresar la can-ti-
 []


Underfull \hbox (badness 10000) in paragraph at lines 27--27
[]\OT1/cmr/m/n/10 Datos prin-ci-pa-les
 []


Underfull \hbox (badness 5388) in paragraph at lines 27--27
\OT1/cmr/m/n/10 re-gis-tra-dos en la
 []


Underfull \hbox (badness 10000) in paragraph at lines 32--32
[]\OT1/cmr/m/n/10 Datos re-gis-tra-dos
 []


LaTeX Warning: `h' float specifier changed to `ht'.


Overfull \hbox (8.41284pt too wide) in paragraph at lines 74--97
 [][] 
 []


LaTeX Warning: `h' float specifier changed to `ht'.


Underfull \hbox (badness 1590) in paragraph at lines 121--121
[]\OT1/cmr/m/n/10 Obtener Do-cu-men-to
 []


Overfull \hbox (2.72237pt too wide) in paragraph at lines 105--130
 [][] 
 []


LaTeX Warning: `h' float specifier changed to `ht'.

) [86

]
LaTeX Info: Redefining \. on input line 342.
LaTeX Info: Redefining \% on input line 342.
 [87]
\openout2 = `Anexo1/Anexo_A_Resolucion.aux'.

 (./Anexo1/Anexo_A_Resolucion.tex
Underfull \hbox (badness 1960) in paragraph at lines 20--20
[]\OT1/cmr/m/n/10 Ingresar da-tos de
 []


Underfull \hbox (badness 10000) in paragraph at lines 26--26
[]\OT1/cmr/m/n/10 Datos re-gis-tra-dos
 []

)
LaTeX Info: Redefining \. on input line 342.
LaTeX Info: Redefining \% on input line 342.
 [88

]
\openout2 = `Anexo1/Anexo_A_Rendicion.aux'.

 (./Anexo1/Anexo_A_Rendicion.tex
Underfull \hbox (badness 10000) in paragraph at lines 20--20
[]\OT1/cmr/m/n/10 Registrar Do-cu-
 []


Underfull \hbox (badness 10000) in paragraph at lines 20--20
[]\OT1/cmr/m/n/10 Finalizar Ren-di-
 []


Underfull \hbox (badness 10000) in paragraph at lines 30--30
[]\OT1/cmr/m/n/10 Documentos re-gis-tra-dos
 []


Underfull \hbox (badness 1466) in paragraph at lines 30--30
[]\OT1/cmr/m/n/10 Datos re-gis-tra-dos en la
 []


Underfull \hbox (badness 1259) in paragraph at lines 39--39
[]\OT1/cmr/m/n/10 Documentos re-gis-
 []


Underfull \hbox (badness 2035) in paragraph at lines 39--39
[]\OT1/cmr/m/n/10 Listado de Do-cu-
 []


Underfull \hbox (badness 1430) in paragraph at lines 39--39
\OT1/cmr/m/n/10 men-tos se-lec-cio-na-
 []


Underfull \hbox (badness 4242) in paragraph at lines 39--39
[]\OT1/cmr/m/n/10 Monto cer-cano o
 []


Underfull \hbox (badness 10000) in paragraph at lines 39--39
[]\OT1/cmr/m/n/10 Datos re-gis-tra-dos
 []


Underfull \hbox (badness 1466) in paragraph at lines 66--66
[]\OT1/cmr/m/n/10 Datos re-gis-tra-dos en la
 []


Underfull \hbox (badness 10000) in paragraph at lines 72--72
[]\OT1/cmr/m/n/10 Datos re-gis-tra-dos
 []


Overfull \hbox (2.72237pt too wide) in paragraph at lines 50--75
 [][] 
 []


LaTeX Warning: `h' float specifier changed to `ht'.


Overfull \hbox (8.41284pt too wide) in paragraph at lines 83--107
 [][] 
 []


LaTeX Warning: `h' float specifier changed to `ht'.


Underfull \hbox (badness 4940) in paragraph at lines 125--125
[]\OT1/cmr/m/n/10 Generar lis-ta-do de
 []


Overfull \hbox (2.72237pt too wide) in paragraph at lines 115--139
 [][] 
 []


LaTeX Warning: `h' float specifier changed to `ht'.

)
LaTeX Info: Redefining \. on input line 343.
LaTeX Info: Redefining \% on input line 343.
 [89



]
LaTeX Info: Redefining \. on input line 343.
LaTeX Info: Redefining \% on input line 343.
 [90]
Underfull \hbox (badness 10000) detected at line 345
\OT1/cmr/bx/n/24.88 B.
 []

(./Anexo2/Anexo_B_General_Sistema.tex
<Imagenes/Pregunta1.png, id=363, 199.947pt x 152.9715pt>
File: Imagenes/Pregunta1.png Graphic file (type png)
<use Imagenes/Pregunta1.png>
Package pdftex.def Info: Imagenes/Pregunta1.png  used on input line 5.
(pdftex.def)             Requested size: 257.61388pt x 197.09827pt.
 [91



 <./Imagenes/Pregunta1.png>]
<Imagenes/Pregunta2.png, id=367, 202.356pt x 154.176pt>
File: Imagenes/Pregunta2.png Graphic file (type png)
<use Imagenes/Pregunta2.png>
Package pdftex.def Info: Imagenes/Pregunta2.png  used on input line 13.
(pdftex.def)             Requested size: 236.14496pt x 179.92877pt.
<Imagenes/Pregunta3.png, id=368, 201.1515pt x 151.16475pt>
File: Imagenes/Pregunta3.png Graphic file (type png)
<use Imagenes/Pregunta3.png>
Package pdftex.def Info: Imagenes/Pregunta3.png  used on input line 21.
(pdftex.def)             Requested size: 236.14496pt x 177.47096pt.
LaTeX Info: Redefining \. on input line 25.
LaTeX Info: Redefining \% on input line 25.
 [92 <./Imagenes/Pregunta2.png> <./Imagenes/Pregunta3.png>]
<Imagenes/Pregunta4.png, id=372, 201.1515pt x 154.176pt>
File: Imagenes/Pregunta4.png Graphic file (type png)
<use Imagenes/Pregunta4.png>
Package pdftex.def Info: Imagenes/Pregunta4.png  used on input line 30.
(pdftex.def)             Requested size: 236.14496pt x 181.00623pt.
)
LaTeX Info: Redefining \. on input line 350.
LaTeX Info: Redefining \% on input line 350.
 [93 <./Imagenes/Pregunta4.png>]
\openout2 = `Anexo2/Anexo_B_Funcionalidad.aux'.

 (./Anexo2/Anexo_B_Funcionalidad.tex
<Imagenes/Pregunta5.png, id=376, 201.1515pt x 154.176pt>
File: Imagenes/Pregunta5.png Graphic file (type png)
<use Imagenes/Pregunta5.png>
Package pdftex.def Info: Imagenes/Pregunta5.png  used on input line 7.
(pdftex.def)             Requested size: 236.14496pt x 181.00623pt.
<Imagenes/Pregunta6.png, id=377, 201.1515pt x 154.176pt>
File: Imagenes/Pregunta6.png Graphic file (type png)
<use Imagenes/Pregunta6.png>
Package pdftex.def Info: Imagenes/Pregunta6.png  used on input line 15.
(pdftex.def)             Requested size: 236.14496pt x 181.00623pt.
)
LaTeX Info: Redefining \. on input line 350.
LaTeX Info: Redefining \% on input line 350.
 [94

 <./Imagenes/Pregunta5.png> <./Imagenes/Pregunta6.png>]
\openout2 = `Anexo2/Anexo_B_Usabilidad.aux'.

 (./Anexo2/Anexo_B_Usabilidad.tex
<Imagenes/Pregunta7.png, id=381, 202.356pt x 153.57375pt>
File: Imagenes/Pregunta7.png Graphic file (type png)
<use Imagenes/Pregunta7.png>
Package pdftex.def Info: Imagenes/Pregunta7.png  used on input line 7.
(pdftex.def)             Requested size: 214.67604pt x 162.93268pt.
<Imagenes/Pregunta8.png, id=382, 201.1515pt x 153.57375pt>
File: Imagenes/Pregunta8.png Graphic file (type png)
<use Imagenes/Pregunta8.png>
Package pdftex.def Info: Imagenes/Pregunta8.png  used on input line 15.
(pdftex.def)             Requested size: 214.67604pt x 163.9075pt.
LaTeX Info: Redefining \. on input line 19.
LaTeX Info: Redefining \% on input line 19.
 [95



 <./Imagenes/Pregunta7.png> <./Imagenes/Pregunta8.png>]
<Imagenes/Pregunta9.png, id=387, 201.75375pt x 154.176pt>
File: Imagenes/Pregunta9.png Graphic file (type png)
<use Imagenes/Pregunta9.png>
Package pdftex.def Info: Imagenes/Pregunta9.png  used on input line 24.
(pdftex.def)             Requested size: 236.14496pt x 180.45808pt.
<Imagenes/Pregunta10.png, id=388, 202.356pt x 154.176pt>
File: Imagenes/Pregunta10.png Graphic file (type png)
<use Imagenes/Pregunta10.png>
Package pdftex.def Info: Imagenes/Pregunta10.png  used on input line 32.
(pdftex.def)             Requested size: 236.14496pt x 179.92877pt.
)
LaTeX Info: Redefining \. on input line 351.
LaTeX Info: Redefining \% on input line 351.
 [96 <./Imagenes/Pregunta9.png> <./Imagenes/Pregunta10.png>] (./memoria.aux
LaTeX Info: Redefining \. on input line 9.
LaTeX Info: Redefining \% on input line 9.
LaTeX Info: Redefining \. on input line 10.
LaTeX Info: Redefining \% on input line 10.
 (./Anexo1/Anexo_A_Resolucion.aux) (./Anexo1/Anexo_A_Rendicion.aux) (./Anexo2/Anexo_B_Funcionalidad.aux) (./Anexo2/Anexo_B_Usabilidad.aux))

LaTeX Font Warning: Some font shapes were not available, defaults substituted.

 ) 
Here is how much of TeX's memory you used:
 6333 strings out of 478542
 120727 string characters out of 5844342
 433928 words of memory out of 5000000
 23846 multiletter control sequences out of 15000+600000
 411564 words of font info for 53 fonts, out of 8000000 for 9000
 1141 hyphenation exceptions out of 8191
 72i,13n,81p,1421b,595s stack positions out of 5000i,500n,10000p,200000b,80000s
{c:/Program Files (x86)/texlive/2021/texmf-dist/fonts/enc/dvips/cm-super/cm-super-ts1.enc}<c:/Program Files (x86)/texlive/2021/texmf-dist/fonts/type1/public/amsfonts/cm/cmbx10.pfb><c:/Program Files (x86)/texlive/2021/texmf-dist/fonts/type1/public/amsfonts/cm/cmbx12.pfb><c:/Program Files (x86)/texlive/2021/texmf-dist/fonts/type1/public/amsfonts/cm/cmbx8.pfb><c:/Program Files (x86)/texlive/2021/texmf-dist/fonts/type1/public/amsfonts/cm/cmbxti10.pfb><c:/Program Files (x86)/texlive/2021/texmf-dist/fonts/type1/public/amsfonts/cm/cmcsc10.pfb><c:/Program Files (x86)/texlive/2021/texmf-dist/fonts/type1/public/amsfonts/cm/cmmi12.pfb><c:/Program Files (x86)/texlive/2021/texmf-dist/fonts/type1/public/amsfonts/cm/cmr10.pfb><c:/Program Files (x86)/texlive/2021/texmf-dist/fonts/type1/public/amsfonts/cm/cmr12.pfb><c:/Program Files (x86)/texlive/2021/texmf-dist/fonts/type1/public/amsfonts/cm/cmr7.pfb><c:/Program Files (x86)/texlive/2021/texmf-dist/fonts/type1/public/amsfonts/cm/cmr8.pfb><c:/Program Files (x86)/texlive/2021/texmf-dist/fonts/type1/public/amsfonts/cm/cmsl12.pfb><c:/Program Files (x86)/texlive/2021/texmf-dist/fonts/type1/public/amsfonts/cm/cmsy10.pfb><c:/Program Files (x86)/texlive/2021/texmf-dist/fonts/type1/public/amsfonts/cm/cmsy8.pfb><c:/Program Files (x86)/texlive/2021/texmf-dist/fonts/type1/public/amsfonts/cm/cmti10.pfb><c:/Program Files (x86)/texlive/2021/texmf-dist/fonts/type1/public/amsfonts/cm/cmti12.pfb><c:/Program Files (x86)/texlive/2021/texmf-dist/fonts/type1/public/cm-super/sfrm1200.pfb>
Output written on memoria.pdf (98 pages, 4130575 bytes).
PDF statistics:
 464 PDF objects out of 1000 (max. 8388607)
 270 compressed objects within 3 object streams
 0 named destinations out of 1000 (max. 500000)
 191 words of extra memory for PDF output out of 10000 (max. 10000000)

